[22:34:49.622][CONSTRUCT][CLIENT][INFO] Starting building internal Registries
[22:34:50.510][CONSTRUCT][CLIENT][INFO] The following mods have explicit CraftTweaker support:
'aquaculture' at version '1.16.5-2.1.20'
'crafttweaker' at version '7.1.2.416'
'farmersdelight' at version '1.16.5-0.4.6'
'jeitweaker' at version '1.0.1.34'
[22:34:51.525][CONSTRUCT][CLIENT][INFO] Completed building internal Registries
[22:35:09.139][COMMON_SETUP][CLIENT][INFO] Started loading Scripts for Loader 'setupCommon'!
[22:35:09.939][COMMON_SETUP][CLIENT][INFO] Finished loading Scripts!
[22:35:59.482][DONE][CLIENT][INFO] Started loading Scripts for Loader 'crafttweaker'!
[22:35:59.604][DONE][CLIENT][INFO] Loading file: 'recipes.zs' with priority: 10
[22:35:59.685][DONE][CLIENT][INFO] Adding "minecraft:crafting" recipe, of type: "shaped", with name: "crafttweaker:shaped1" that outputs: <item:minecraft:furnace>
[22:35:59.686][DONE][CLIENT][INFO] Adding "minecraft:crafting" recipe, of type: "shaped", with name: "crafttweaker:shaped21" that outputs: <item:terraincognita:hazel_chest>
[22:35:59.687][DONE][CLIENT][INFO] Adding "minecraft:crafting" recipe, of type: "shaped", with name: "crafttweaker:shaped22" that outputs: <item:quark:birch_chest>
[22:35:59.687][DONE][CLIENT][INFO] Adding "minecraft:crafting" recipe, of type: "shaped", with name: "crafttweaker:shaped23" that outputs: <item:quark:jungle_chest>
[22:35:59.688][DONE][CLIENT][INFO] Adding "minecraft:crafting" recipe, of type: "shaped", with name: "crafttweaker:shaped24" that outputs: <item:quark:birch_chest>
[22:35:59.688][DONE][CLIENT][INFO] Adding "minecraft:crafting" recipe, of type: "shaped", with name: "crafttweaker:shaped25" that outputs: <item:environmental:willow_chest>
[22:35:59.689][DONE][CLIENT][INFO] Adding "minecraft:crafting" recipe, of type: "shaped", with name: "crafttweaker:shaped26" that outputs: <item:upgrade_aquatic:driftwood_chest>
[22:35:59.689][DONE][CLIENT][INFO] Adding "minecraft:crafting" recipe, of type: "shaped", with name: "crafttweaker:shaped27" that outputs: <item:environmental:wisteria_chest>
[22:35:59.690][DONE][CLIENT][INFO] Adding "minecraft:crafting" recipe, of type: "shaped", with name: "crafttweaker:shaped28" that outputs: <item:quark:acacia_chest>
[22:35:59.690][DONE][CLIENT][INFO] Adding "minecraft:crafting" recipe, of type: "shaped", with name: "crafttweaker:shaped29" that outputs: <item:charm:acacia_chest>
[22:35:59.690][DONE][CLIENT][INFO] Adding "minecraft:crafting" recipe, of type: "shaped", with name: "crafttweaker:shaped30" that outputs: <item:quark:warped_chest>
[22:35:59.691][DONE][CLIENT][INFO] Adding "minecraft:crafting" recipe, of type: "shaped", with name: "crafttweaker:shaped31" that outputs: <item:environmental:willow_chest>
[22:35:59.691][DONE][CLIENT][INFO] Adding "minecraft:crafting" recipe, of type: "shaped", with name: "crafttweaker:shaped32" that outputs: <item:extendedmushrooms:poisonous_mushroom_chest>
[22:35:59.692][DONE][CLIENT][INFO] Adding "minecraft:crafting" recipe, of type: "shaped", with name: "crafttweaker:shaped33" that outputs: <item:extendedmushrooms:poisonous_mushroom_chest>
[22:35:59.692][DONE][CLIENT][INFO] Adding "minecraft:crafting" recipe, of type: "shaped", with name: "crafttweaker:shaped34" that outputs: <item:upgrade_aquatic:driftwood_chest>
[22:35:59.692][DONE][CLIENT][INFO] Adding "minecraft:crafting" recipe, of type: "shaped", with name: "crafttweaker:shaped35" that outputs: <item:environmental:wisteria_chest>
[22:35:59.693][DONE][CLIENT][INFO] Adding "minecraft:crafting" recipe, of type: "shaped", with name: "crafttweaker:shaped37" that outputs: <item:atmospheric:rosewood_chest>
[22:35:59.693][DONE][CLIENT][INFO] Adding "minecraft:crafting" recipe, of type: "shaped", with name: "crafttweaker:shaped38" that outputs: <item:atmospheric:rosewood_chest>
[22:35:59.693][DONE][CLIENT][INFO] Adding "minecraft:crafting" recipe, of type: "shaped", with name: "crafttweaker:shaped39" that outputs: <item:atmospheric:yucca_chest>
[22:35:59.694][DONE][CLIENT][INFO] Adding "minecraft:crafting" recipe, of type: "shaped", with name: "crafttweaker:shaped40" that outputs: <item:outer_end:azure_chest>
[22:35:59.694][DONE][CLIENT][INFO] Adding "minecraft:crafting" recipe, of type: "shaped", with name: "crafttweaker:shaped41" that outputs: <item:outer_end:azure_chest>
[22:35:59.695][DONE][CLIENT][INFO] Adding "minecraft:crafting" recipe, of type: "shaped", with name: "crafttweaker:shaped42" that outputs: <item:quark:warped_chest>
[22:35:59.695][DONE][CLIENT][INFO] Adding "minecraft:crafting" recipe, of type: "shaped", with name: "crafttweaker:shaped43" that outputs: <item:betterendforge:umbrella_tree_chest>
[22:35:59.696][DONE][CLIENT][INFO] Adding "minecraft:crafting" recipe, of type: "shaped", with name: "crafttweaker:shaped44" that outputs: <item:betterendforge:end_lotus_chest>
[22:35:59.696][DONE][CLIENT][INFO] Adding "minecraft:crafting" recipe, of type: "shaped", with name: "crafttweaker:shaped45" that outputs: <item:betterendforge:umbrella_tree_chest>
[22:35:59.696][DONE][CLIENT][INFO] Adding "minecraft:crafting" recipe, of type: "shaped", with name: "crafttweaker:shaped46" that outputs: <item:betterendforge:jellyshroom_chest>
[22:35:59.697][DONE][CLIENT][INFO] Adding "minecraft:crafting" recipe, of type: "shaped", with name: "crafttweaker:shaped47" that outputs: <item:quark:warped_chest>
[22:35:59.697][DONE][CLIENT][INFO] Adding "minecraft:crafting" recipe, of type: "shaped", with name: "crafttweaker:shaped48" that outputs: <item:betterendforge:mossy_glowshroom_chest>
[22:35:59.697][DONE][CLIENT][INFO] Adding "minecraft:crafting" recipe, of type: "shaped", with name: "crafttweaker:shaped49" that outputs: <item:atmospheric:kousa_chest>
[22:35:59.698][DONE][CLIENT][INFO] Adding "minecraft:crafting" recipe, of type: "shaped", with name: "crafttweaker:shaped50" that outputs: <item:quark:birch_chest>
[22:35:59.698][DONE][CLIENT][INFO] Adding "minecraft:crafting" recipe, of type: "shaped", with name: "crafttweaker:shaped51" that outputs: <item:extendedmushrooms:mushroom_chest>
[22:35:59.699][DONE][CLIENT][INFO] Adding "minecraft:crafting" recipe, of type: "shaped", with name: "crafttweaker:shaped52" that outputs: <item:betterendforge:lacugrove_chest>
[22:35:59.699][DONE][CLIENT][INFO] Adding "minecraft:crafting" recipe, of type: "shaped", with name: "crafttweaker:shaped53" that outputs: <item:charm:birch_chest>
[22:35:59.700][DONE][CLIENT][INFO] Adding "minecraft:crafting" recipe, of type: "shaped", with name: "crafttweaker:shaped54" that outputs: <item:atmospheric:grimwood_chest>
[22:35:59.700][DONE][CLIENT][INFO] Adding "minecraft:crafting" recipe, of type: "shaped", with name: "crafttweaker:shaped55" that outputs: <item:quark:jungle_chest>
[22:35:59.700][DONE][CLIENT][INFO] Adding "minecraft:crafting" recipe, of type: "shaped", with name: "crafttweaker:shaped56" that outputs: <item:charm:jungle_chest>
[22:35:59.701][DONE][CLIENT][INFO] Adding "minecraft:crafting" recipe, of type: "shaped", with name: "crafttweaker:shaped57" that outputs: <item:upgrade_aquatic:river_chest>
[22:35:59.701][DONE][CLIENT][INFO] Adding "minecraft:crafting" recipe, of type: "shaped", with name: "crafttweaker:shaped58" that outputs: <item:charm:jungle_chest>
[22:35:59.702][DONE][CLIENT][INFO] Adding "minecraft:crafting" recipe, of type: "shaped", with name: "crafttweaker:shaped59" that outputs: <item:minecraft:chest>
[22:35:59.702][DONE][CLIENT][INFO] Adding "minecraft:crafting" recipe, of type: "shaped", with name: "crafttweaker:shaped60" that outputs: <item:quark:jungle_chest>
[22:35:59.702][DONE][CLIENT][INFO] Adding "minecraft:crafting" recipe, of type: "shaped", with name: "crafttweaker:shaped61" that outputs: <item:atmospheric:yucca_chest>
[22:35:59.703][DONE][CLIENT][INFO] Adding "minecraft:crafting" recipe, of type: "shaped", with name: "crafttweaker:shaped62" that outputs: <item:betterendforge:tenanea_chest>
[22:35:59.703][DONE][CLIENT][INFO] Adding "minecraft:crafting" recipe, of type: "shaped", with name: "crafttweaker:shaped63" that outputs: <item:endergetic:poise_chest>
[22:35:59.703][DONE][CLIENT][INFO] Adding "minecraft:crafting" recipe, of type: "shaped", with name: "crafttweaker:shaped64" that outputs: <item:atmospheric:morado_chest>
[22:35:59.704][DONE][CLIENT][INFO] Adding "minecraft:crafting" recipe, of type: "shaped", with name: "crafttweaker:shaped65" that outputs: <item:environmental:cherry_chest>
[22:35:59.704][DONE][CLIENT][INFO] Adding "minecraft:crafting" recipe, of type: "shaped", with name: "crafttweaker:shaped66" that outputs: <item:charm:birch_chest>
[22:35:59.705][DONE][CLIENT][INFO] Adding "minecraft:crafting" recipe, of type: "shaped", with name: "crafttweaker:shaped67" that outputs: <item:charm:oak_chest>
[22:35:59.705][DONE][CLIENT][INFO] Adding "minecraft:crafting" recipe, of type: "shaped", with name: "crafttweaker:shaped69" that outputs: <item:byg:cika_crafting_table>
[22:35:59.705][DONE][CLIENT][INFO] Adding "minecraft:crafting" recipe, of type: "shaped", with name: "crafttweaker:shaped70" that outputs: <item:byg:zelkova_crafting_table>
[22:35:59.706][DONE][CLIENT][INFO] Adding "minecraft:crafting" recipe, of type: "shaped", with name: "crafttweaker:shaped72" that outputs: <item:byg:cika_bookshelf>
[22:35:59.706][DONE][CLIENT][INFO] Adding "minecraft:crafting" recipe, of type: "shaped", with name: "crafttweaker:shaped73" that outputs: <item:byg:zelkova_bookshelf>
[22:35:59.706][DONE][CLIENT][INFO] Adding "minecraft:crafting" recipe, of type: "shaped", with name: "crafttweaker:shaped74" that outputs: <item:charm:jungle_bookshelf>
[22:35:59.707][DONE][CLIENT][INFO] Adding "minecraft:crafting" recipe, of type: "shaped", with name: "crafttweaker:shaped75" that outputs: <item:quark:jungle_bookshelf>
[22:35:59.707][DONE][CLIENT][INFO] Adding "minecraft:crafting" recipe, of type: "shaped", with name: "crafttweaker:shaped76" that outputs: <item:byg:embur_crafting_table>
[22:35:59.708][DONE][CLIENT][INFO] Adding "minecraft:crafting" recipe, of type: "shaped", with name: "crafttweaker:shaped77" that outputs: <item:byg:embur_bookshelf>
[22:35:59.708][DONE][CLIENT][INFO] Adding "minecraft:crafting" recipe, of type: "mirroring shaped", with name: "crafttweaker:shaped78" that outputs: <item:minecraft:andesite>
[22:35:59.708][DONE][CLIENT][INFO] Adding "minecraft:crafting" recipe, of type: "mirroring shaped", with name: "crafttweaker:shaped79" that outputs: <item:minecraft:cobblestone>
[22:35:59.709][DONE][CLIENT][INFO] Adding "minecraft:crafting" recipe, of type: "mirroring shaped", with name: "crafttweaker:shaped80" that outputs: <item:minecraft:granite>
[22:35:59.710][DONE][CLIENT][INFO] Adding "minecraft:crafting" recipe, of type: "shaped", with name: "crafttweaker:shaped83" that outputs: <item:betterendforge:mossy_glowshroom_chest>
[22:35:59.710][DONE][CLIENT][INFO] Adding "minecraft:crafting" recipe, of type: "shaped", with name: "crafttweaker:shaped84" that outputs: <item:quark:warped_chest>
[22:35:59.711][DONE][CLIENT][INFO] Adding "minecraft:crafting" recipe, of type: "shaped", with name: "crafttweaker:shaped85" that outputs: <item:atmospheric:kousa_chest>
[22:35:59.711][DONE][CLIENT][INFO] Adding "minecraft:crafting" recipe, of type: "shaped", with name: "crafttweaker:shaped86" that outputs: <item:atmospheric:grimwood_chest>
[22:35:59.712][DONE][CLIENT][INFO] Adding "minecraft:crafting" recipe, of type: "shaped", with name: "crafttweaker:shaped87" that outputs: <item:quark:jungle_chest>
[22:35:59.712][DONE][CLIENT][INFO] Adding "minecraft:crafting" recipe, of type: "shaped", with name: "crafttweaker:shaped88" that outputs: <item:betterendforge:umbrella_tree_crafting_table>
[22:35:59.713][DONE][CLIENT][INFO] Adding "minecraft:crafting" recipe, of type: "shaped", with name: "crafttweaker:shaped90" that outputs: <item:byg:embur_crafting_table>
[22:35:59.714][DONE][CLIENT][INFO] Adding "minecraft:crafting" recipe, of type: "shaped", with name: "crafttweaker:shaped91" that outputs: <item:byg:embur_crafting_table>
[22:35:59.714][DONE][CLIENT][INFO] Adding "minecraft:crafting" recipe, of type: "shaped", with name: "crafttweaker:shaped92" that outputs: <item:quark:warped_bookshelf>
[22:35:59.715][DONE][CLIENT][INFO] Adding "minecraft:crafting" recipe, of type: "shaped", with name: "crafttweaker:shaped93" that outputs: <item:charm:warped_bookshelf>
[22:35:59.715][DONE][CLIENT][INFO] Adding "minecraft:crafting" recipe, of type: "shaped", with name: "crafttweaker:shaped94" that outputs: <item:upgrade_aquatic:river_bookshelf>
[22:35:59.716][DONE][CLIENT][INFO] Adding "minecraft:crafting" recipe, of type: "shaped", with name: "crafttweaker:shaped95" that outputs: <item:terraincognita:hazel_bookshelf>
[22:35:59.717][DONE][CLIENT][INFO] Adding "minecraft:crafting" recipe, of type: "shaped", with name: "crafttweaker:shaped102" that outputs: <item:byg:maple_crafting_table>
[22:35:59.717][DONE][CLIENT][INFO] Adding "minecraft:crafting" recipe, of type: "shaped", with name: "crafttweaker:shaped103" that outputs: <item:byg:mahogany_crafting_table>
[22:35:59.718][DONE][CLIENT][INFO] Adding "minecraft:crafting" recipe, of type: "shaped", with name: "crafttweaker:shaped105" that outputs: <item:minecraft:crafting_table>
[22:35:59.718][DONE][CLIENT][INFO] Adding "minecraft:crafting" recipe, of type: "shaped", with name: "crafttweaker:shaped108" that outputs: <item:betterendforge:lucernia_crafting_table>
[22:35:59.723][DONE][CLIENT][INFO] Adding "minecraft:smithing" recipe, with name: "crafttweaker:gold_upgraded_netherite_shield" that outputs: <item:upgradednetherite:gold_upgraded_netherite_shield>
[22:35:59.724][DONE][CLIENT][INFO] Adding "minecraft:smithing" recipe, with name: "crafttweaker:phantom_upgraded_netherite_shield" that outputs: <item:upgradednetherite:phantom_upgraded_netherite_shield>
[22:35:59.725][DONE][CLIENT][INFO] Adding "minecraft:smithing" recipe, with name: "crafttweaker:fire_upgraded_netherite_shield" that outputs: <item:upgradednetherite:fire_upgraded_netherite_shield>
[22:35:59.726][DONE][CLIENT][INFO] Adding "minecraft:smithing" recipe, with name: "crafttweaker:ender_upgraded_netherite_shield" that outputs: <item:upgradednetherite:ender_upgraded_netherite_shield>
[22:35:59.726][DONE][CLIENT][INFO] Adding "minecraft:smithing" recipe, with name: "crafttweaker:water_upgraded_netherite_shield" that outputs: <item:upgradednetherite:water_upgraded_netherite_shield>
[22:35:59.727][DONE][CLIENT][INFO] Adding "minecraft:smithing" recipe, with name: "crafttweaker:wither_upgraded_netherite_shield" that outputs: <item:upgradednetherite:wither_upgraded_netherite_shield>
[22:35:59.727][DONE][CLIENT][INFO] Adding "minecraft:smithing" recipe, with name: "crafttweaker:poison_upgraded_netherite_shield" that outputs: <item:upgradednetherite:poison_upgraded_netherite_shield>
[22:35:59.728][DONE][CLIENT][INFO] Adding "minecraft:smithing" recipe, with name: "crafttweaker:ultimate_upgraded_netherite_shield" that outputs: <item:upgradednetherite:ultimate_upgraded_netherite_shield>
[22:35:59.735][DONE][CLIENT][INFO] Removing "minecraft:crafting" recipes with output: <item:village_employment:iron_golem_helmet>"
[22:35:59.745][DONE][CLIENT][INFO] Removing "minecraft:crafting" recipes with output: <item:village_employment:iron_golem_chestplate>"
[22:35:59.752][DONE][CLIENT][INFO] Removing "minecraft:crafting" recipes with output: <item:village_employment:iron_golem_leggings>"
[22:35:59.759][DONE][CLIENT][INFO] Removing "minecraft:crafting" recipes with output: <item:village_employment:iron_golem_boots>"
[22:35:59.765][DONE][CLIENT][INFO] Adding "minecraft:crafting" recipe, of type: "shaped", with name: "crafttweaker:shaped109" that outputs: <item:minecraft:chest>
[22:35:59.766][DONE][CLIENT][INFO] Adding "minecraft:crafting" recipe, of type: "shapeless", with name: "crafttweaker:chest" that outputs: <item:minecraft:chest>
[22:35:59.767][DONE][CLIENT][INFO] Adding "minecraft:crafting" recipe, of type: "shapeless", with name: "crafttweaker:chest1" that outputs: <item:minecraft:chest>
[22:35:59.767][DONE][CLIENT][INFO] Adding "minecraft:crafting" recipe, of type: "shaped", with name: "crafttweaker:shaped110" that outputs: <item:minecraft:crafting_table>
[22:35:59.767][DONE][CLIENT][INFO] Removing "minecraft:crafting" recipes with output: <item:minecraft:totem_of_undying>"
[22:35:59.772][DONE][CLIENT][INFO] Removing "minecraft:crafting" recipes with output: <item:patchouli:guide_book>"
[22:35:59.778][DONE][CLIENT][INFO] Removing "minecraft:crafting" recipes with output: <item:village_employment:orb_of_dominance_staff>"
[22:35:59.785][DONE][CLIENT][INFO] Removing "minecraft:crafting" recipes with output: <item:village_employment:orb_of_dominance>"
[22:35:59.791][DONE][CLIENT][INFO] Removing "minecraft:crafting" recipes with output: <item:theabyss:auto_smelt_pick_axe>"
[22:35:59.796][DONE][CLIENT][INFO] Removing "minecraft:crafting" recipes with output: <item:theabyss:abyssportalstone>"
[22:35:59.800][DONE][CLIENT][INFO] Removing "minecraft:crafting" recipes with output: <item:pyromancer:vaporizer>"
[22:35:59.804][DONE][CLIENT][INFO] Removing "minecraft:crafting" recipes with output: <item:netheragriculture:knife>"
[22:35:59.807][DONE][CLIENT][INFO] Removing "minecraft:crafting" recipes with output: <item:netheragriculture:diamond_knife>"
[22:35:59.811][DONE][CLIENT][INFO] Removing "minecraft:crafting" recipes with output: <item:netheragriculture:netherite_knife>"
[22:35:59.815][DONE][CLIENT][INFO] Finished loading Scripts!
[22:35:59.820][DONE][CLIENT][INFO] This reload was made possible by Shotguun29 and more! Become a patron at https://patreon.com/jaredlll08?s=crtmod
