[15sep2021 00:00:03.709] [Server thread/WARN] [net.minecraft.server.MinecraftServer/]: Can't keep up! Is the server overloaded? Running 2985ms or 59 ticks behind
[15sep2021 00:00:21.157] [Server thread/WARN] [net.minecraft.server.MinecraftServer/]: Can't keep up! Is the server overloaded? Running 2034ms or 40 ticks behind
[15sep2021 00:00:38.955] [Server thread/WARN] [net.minecraft.server.MinecraftServer/]: Can't keep up! Is the server overloaded? Running 2832ms or 56 ticks behind
[15sep2021 00:00:58.782] [Server thread/WARN] [net.minecraft.server.MinecraftServer/]: Can't keep up! Is the server overloaded? Running 4858ms or 97 ticks behind
[15sep2021 00:01:01.304] [Server thread/INFO] [com.dynamic_view.DynView/]: Mean tick: 58ms decreasing chunk view distance to: 7
[15sep2021 00:01:19.358] [Server thread/WARN] [net.minecraft.server.MinecraftServer/]: Can't keep up! Is the server overloaded? Running 5584ms or 111 ticks behind
[15sep2021 00:01:38.894] [Server thread/WARN] [net.minecraft.server.MinecraftServer/]: Can't keep up! Is the server overloaded? Running 4571ms or 91 ticks behind
[15sep2021 00:01:57.291] [Server thread/WARN] [net.minecraft.server.MinecraftServer/]: Can't keep up! Is the server overloaded? Running 3418ms or 68 ticks behind
[15sep2021 00:02:16.108] [Server thread/WARN] [net.minecraft.server.MinecraftServer/]: Can't keep up! Is the server overloaded? Running 3834ms or 76 ticks behind
[15sep2021 00:02:18.405] [Server thread/INFO] [com.dynamic_view.DynView/]: Mean tick: 62ms decreasing chunk view distance to: 6
[15sep2021 00:02:32.703] [Server thread/INFO] [net.minecraft.server.dedicated.DedicatedServer/]: Heviazepam has made the advancement [Creepie Crawly]
[15sep2021 00:02:34.695] [Server thread/WARN] [net.minecraft.server.MinecraftServer/]: Can't keep up! Is the server overloaded? Running 3621ms or 72 ticks behind
[15sep2021 00:02:49.986] [Server thread/INFO] [net.minecraft.server.dedicated.DedicatedServer/]: Heviazepam was slain by Zombie
[15sep2021 00:02:53.900] [Server thread/WARN] [net.minecraft.server.MinecraftServer/]: Can't keep up! Is the server overloaded? Running 4226ms or 84 ticks behind
[15sep2021 00:02:56.080] [Server thread/INFO] [com.performant.coremod.Performant/]: EntiyFire Dragon at:BlockPos{x=1207, y=86, z=-2360} dim: 256 is lagging, likely culprit task is:MeleeAttackGoal
[15sep2021 00:02:56.080] [Server thread/INFO] [com.performant.coremod.Performant/]: Pausing entity AI due to lag, last 20 ticks took:802ms. Stacktrace below, let the mod author know(not performant, the entities mod author)
java.lang.Exception: Entity AI Task lag
	at com.performant.coremod.entity.ai.CustomGoalSelector.func_75774_a(CustomGoalSelector.java:435) ~[performant:1.16.2-5-3.72m]
	at net.minecraft.entity.MobEntity.func_70626_be(MobEntity.java:682) ~[?:?]
	at net.minecraft.entity.LivingEntity.func_70636_d(LivingEntity.java:2411) ~[?:?]
	at net.minecraft.entity.MobEntity.func_70636_d(MobEntity.java:488) ~[?:?]
	at net.minecraft.entity.AgeableEntity.func_70636_d(SourceFile:127) ~[?:?]
	at net.minecraft.entity.passive.AnimalEntity.func_70636_d(AnimalEntity.java:51) ~[?:?]
	at wolfshotz.dml.entities.TameableDragonEntity.func_70636_d(TameableDragonEntity.java:253) ~[dragonmounts:1.0.10]
	at net.minecraft.entity.LivingEntity.func_70071_h_(LivingEntity.java:2158) ~[?:?]
	at net.minecraft.entity.MobEntity.func_70071_h_(MobEntity.java:300) ~[?:?]
	at wolfshotz.dml.entities.FireDragonEntity.func_70071_h_(FireDragonEntity.java:22) ~[dragonmounts:1.0.10]
	at net.minecraft.world.server.ServerWorld.func_217479_a(ServerWorld.java:611) ~[?:?]
	at net.minecraft.world.World.func_217390_a(World.java:554) ~[?:?]
	at net.minecraft.world.server.ServerWorld.func_72835_b(ServerWorld.java:404) ~[?:?]
	at net.minecraft.server.MinecraftServer.func_71190_q(MinecraftServer.java:851) ~[?:?]
	at net.minecraft.server.dedicated.DedicatedServer.func_71190_q(DedicatedServer.java:291) ~[?:?]
	at net.minecraft.server.MinecraftServer.func_71217_p(MinecraftServer.java:787) ~[?:?]
	at net.minecraft.server.MinecraftServer.func_240802_v_(MinecraftServer.java:642) ~[?:?]
	at net.minecraft.server.MinecraftServer.func_240783_a_(MinecraftServer.java:232) ~[?:?]
	at java.lang.Thread.run(Unknown Source) [?:1.8.0_301]
[15sep2021 00:03:09.933] [Server thread/INFO] [net.minecraft.server.dedicated.DedicatedServer/]: Heviazepam was blown up by Creeper
[15sep2021 00:03:12.043] [Server thread/WARN] [net.minecraft.server.MinecraftServer/]: Can't keep up! Is the server overloaded? Running 3169ms or 63 ticks behind
[15sep2021 00:03:29.943] [Server thread/WARN] [net.minecraft.server.MinecraftServer/]: Can't keep up! Is the server overloaded? Running 2919ms or 58 ticks behind
[15sep2021 00:03:31.987] [Server thread/INFO] [com.dynamic_view.DynView/]: Mean tick: 59ms decreasing chunk view distance to: 5
[15sep2021 00:03:46.964] [Server thread/WARN] [net.minecraft.server.MinecraftServer/]: Can't keep up! Is the server overloaded? Running 2040ms or 40 ticks behind
[15sep2021 00:04:14.276] [Server thread/WARN] [net.minecraft.server.MinecraftServer/]: Can't keep up! Is the server overloaded? Running 2002ms or 40 ticks behind
[15sep2021 00:04:37.045] [Server thread/INFO] [com.dynamic_view.DynView/]: Mean tick: 52ms decreasing chunk view distance to: 4
[15sep2021 00:05:56.122] [Server thread/INFO] [FTB Utilities Backups/]: Server Backup started!
[15sep2021 00:05:56.122] [Server thread/INFO] [net.minecraft.server.dedicated.DedicatedServer/]: Server Backup started!
[15sep2021 00:05:56.364] [Thread-134/INFO] [FTB Utilities Backups/]: Backing up 385 files...
[15sep2021 00:05:56.369] [Thread-134/INFO] [FTB Utilities Backups/]: Compressing 385 files...
[15sep2021 00:06:11.288] [Server thread/WARN] [net.minecraft.server.MinecraftServer/]: Can't keep up! Is the server overloaded? Running 2015ms or 40 ticks behind
[15sep2021 00:06:32.946] [Server thread/WARN] [net.minecraft.server.MinecraftServer/]: Can't keep up! Is the server overloaded? Running 2022ms or 40 ticks behind
[15sep2021 00:06:32.959] [Thread-134/INFO] [FTB Utilities Backups/]: Done compressing in 00:36 seconds (575.7MB)!
[15sep2021 00:06:32.960] [Thread-134/INFO] [FTB Utilities Backups/]: Created C:\Users\Tomas\Desktop\Minecraft Server\better-minecraft\backups\2021-09-15-00-05-56.zip from C:\Users\Tomas\Desktop\Minecraft Server\better-minecraft\world
[15sep2021 00:06:32.967] [Thread-134/INFO] [net.minecraft.server.dedicated.DedicatedServer/]: Server backup done in 00:36! (575.7MB)
[15sep2021 00:06:58.378] [Server thread/WARN] [net.minecraft.server.MinecraftServer/]: Can't keep up! Is the server overloaded? Running 2005ms or 40 ticks behind
[15sep2021 00:07:22.826] [Server thread/WARN] [net.minecraft.server.MinecraftServer/]: Can't keep up! Is the server overloaded? Running 2003ms or 40 ticks behind
[15sep2021 00:07:38.812] [Server thread/INFO] [randompatches/]: Changing UUID of duplicate entity minecraft:villager from e54cf1a9-2b0a-42e5-ba73-647d5bbe6a4a to 39d433f8-dd49-4cc8-9ddf-52f42a2c2fa6
[15sep2021 00:07:38.816] [Server thread/INFO] [randompatches/]: Changing UUID of duplicate entity minecraft:cow from 501b91a6-e946-4213-bcfd-459d704ae67c to 3ca66ba2-269c-4f7a-9ac6-3e13761d868f
[15sep2021 00:07:38.816] [Server thread/INFO] [randompatches/]: Changing UUID of duplicate entity minecraft:cow from 281d5070-f36b-4b16-9ac9-3b8759a0258c to 1eb92ca8-41b4-486b-a7a9-c2522168b184
[15sep2021 00:07:38.817] [Server thread/INFO] [randompatches/]: Changing UUID of duplicate entity minecraft:cat from 4f216c16-5378-4355-bf28-9445e8cf4bf5 to a02653bc-5f96-4223-9695-c409bd21a409
[15sep2021 00:07:38.817] [Server thread/INFO] [randompatches/]: Changing UUID of duplicate entity minecraft:villager from e6a42236-2022-4931-bdae-004ea137f4b4 to 87a78a09-9714-4994-bab5-e10b9a018679
[15sep2021 00:07:38.817] [Server thread/INFO] [randompatches/]: Changing UUID of duplicate entity minecraft:villager from 92bc1a65-95f5-4d65-8a43-df5b60a0ba9d to 009028be-a04a-454a-9836-e9c1e36da25e
[15sep2021 00:07:38.821] [Server thread/INFO] [randompatches/]: Changing UUID of duplicate entity minecraft:cat from f394ef43-e5ef-4a6d-9acd-11996b7ad6cb to 0a8350ca-df32-4be0-8c64-4892a7104003
[15sep2021 00:07:38.821] [Server thread/INFO] [randompatches/]: Changing UUID of duplicate entity minecraft:villager from 571fd0f2-96a1-47c9-b0d8-322754a071e3 to a90d3ae6-a17e-4db5-a229-fb8bf1a94948
[15sep2021 00:07:38.821] [Server thread/INFO] [randompatches/]: Changing UUID of duplicate entity minecraft:villager from c46e2ab8-2d42-48de-90bb-339bf55cb6a7 to 8e3303d9-3607-45e0-8e8a-043badc5c5b5
[15sep2021 00:07:38.828] [Server thread/INFO] [randompatches/]: Changing UUID of duplicate entity minecraft:iron_golem from 50a0d446-e709-43ad-9051-10105efad56c to 827c78f6-0869-4660-801e-71de246a83d0
[15sep2021 00:07:38.829] [Server thread/INFO] [randompatches/]: Changing UUID of duplicate entity minecraft:villager from 1fa70b05-b24a-4d45-83bf-008fa7559f32 to 732fa8e7-a11c-4398-a2af-69bd03af83b2
[15sep2021 00:07:38.835] [Server thread/INFO] [randompatches/]: Changing UUID of duplicate entity minecraft:villager from 9da62aa0-e89e-4e93-a4ba-01bcff5417df to 7cae3cb1-74e1-42f9-b676-d1d3990ef6d7
[15sep2021 00:07:38.837] [Server thread/INFO] [randompatches/]: Changing UUID of duplicate entity minecraft:skeleton from 20641763-a195-4990-9d14-f25c1a5cf5d9 to 6760dcef-e4a6-4100-8821-81b38603e936
[15sep2021 00:07:38.837] [Server thread/INFO] [randompatches/]: Changing UUID of duplicate entity minecraft:zombie from 66e962b6-2861-4404-ac17-51cc5ff660d5 to 519d2760-fcb0-4263-bd38-1da9fac1e791
[15sep2021 00:07:38.838] [Server thread/INFO] [randompatches/]: Changing UUID of duplicate entity minecraft:zombie from 74668e1d-906a-4ebd-9c2d-a58187e44a15 to dcb6f8aa-25f4-4486-b698-00206590370d
[15sep2021 00:07:38.838] [Server thread/INFO] [randompatches/]: Changing UUID of duplicate entity minecraft:skeleton from e5e7ee08-b2b4-419f-9f4e-4dccd1cd006c to 5f360e52-8a28-4134-9246-d5434ae87205
[15sep2021 00:07:38.839] [Server thread/INFO] [randompatches/]: Changing UUID of duplicate entity minecraft:zombie from c678b443-c1e7-4f60-a3d8-25d376f65688 to d6354515-c9f4-498b-8d71-cce67c219e1a
[15sep2021 00:07:38.839] [Server thread/INFO] [randompatches/]: Changing UUID of duplicate entity minecraft:skeleton from 7a38b731-118f-4ba8-bc0e-1410c06ce299 to 9480f758-6f78-4c36-8913-86a54d6e0f8e
[15sep2021 00:07:38.839] [Server thread/INFO] [randompatches/]: Changing UUID of duplicate entity minecraft:zombie from ed436ad7-6a09-46f6-8d91-1bb2d02a8eab to c35e3ff7-4dd3-4ae1-bdca-1c4c8183add2
[15sep2021 00:07:38.840] [Server thread/INFO] [randompatches/]: Changing UUID of duplicate entity minecraft:skeleton from ffd381f7-e07c-471f-87a5-3357e4c91e89 to 773d2545-8353-42e9-a018-ee7af6ab6d5d
[15sep2021 00:07:38.840] [Server thread/INFO] [randompatches/]: Changing UUID of duplicate entity minecraft:skeleton from 9e1f1fdb-725d-4dce-afca-a51ad482653d to 6e33f054-cf11-4d53-9be8-17825f6e12be
[15sep2021 00:07:38.841] [Server thread/INFO] [randompatches/]: Changing UUID of duplicate entity minecraft:skeleton from aa16d1fb-a2ca-4b7b-9d34-c5322fb72863 to 17423475-46e9-4a00-8ecd-a89275e192f4
[15sep2021 00:07:38.841] [Server thread/INFO] [randompatches/]: Changing UUID of duplicate entity minecraft:zombie from 0a00f0c2-dd86-4d68-a811-b7bac765aef4 to 943e4af9-9780-4a1e-92cb-1514b4fba4fd
[15sep2021 00:07:38.841] [Server thread/INFO] [randompatches/]: Changing UUID of duplicate entity minecraft:zombie from dde34dfc-873f-4ce7-929b-52c528d7a56c to 5d384741-e84a-4de0-b0eb-705c1c8358ac
[15sep2021 00:07:38.842] [Server thread/INFO] [randompatches/]: Changing UUID of duplicate entity minecraft:skeleton from 85b2a71a-6c58-4ce5-8a72-c90b0b466746 to 9f49a6f6-490b-4970-8ad5-617a5384c6bf
[15sep2021 00:07:38.843] [Server thread/INFO] [randompatches/]: Changing UUID of duplicate entity minecraft:skeleton from 01ecc07a-3f49-45a7-a530-dbe4fa435ada to 8279428f-6fa8-4524-ae2d-f1706fc72e30
[15sep2021 00:07:38.843] [Server thread/INFO] [randompatches/]: Changing UUID of duplicate entity minecraft:zombie from cb972673-433d-46c7-933d-60322ab15213 to 16cf421c-343e-4cf0-b2d7-978a1ff712cb
[15sep2021 00:07:38.844] [Server thread/INFO] [randompatches/]: Changing UUID of duplicate entity minecraft:zombie from 6868a8e4-8a03-4f05-a4f8-983c87170864 to a82d1a41-091e-431b-bfeb-2807273b3100
[15sep2021 00:07:38.844] [Server thread/INFO] [randompatches/]: Changing UUID of duplicate entity minecraft:skeleton from 39b9a1db-8509-4339-88f7-5693674dbf1a to cf39d581-fbe7-4a35-80fe-88ff4d045afa
[15sep2021 00:07:38.844] [Server thread/INFO] [randompatches/]: Changing UUID of duplicate entity minecraft:skeleton from 5457567a-b119-474d-812c-3095f8906058 to 73f32dc1-27ec-4a48-8027-5180b85592ef
[15sep2021 00:07:38.845] [Server thread/INFO] [randompatches/]: Changing UUID of duplicate entity minecraft:zombie from dc3f1c26-215d-4384-8272-732ff50991e9 to 90783a04-e74e-454d-af65-b6fb53c2f6b9
[15sep2021 00:07:38.845] [Server thread/INFO] [randompatches/]: Changing UUID of duplicate entity minecraft:skeleton from 85f18456-4de8-4160-ad75-66cdfe872901 to 50aab47c-3340-4ee2-8006-6cde543b50a6
[15sep2021 00:07:38.846] [Server thread/INFO] [randompatches/]: Changing UUID of duplicate entity minecraft:zombie from dcecd395-f63b-4ed8-bd7e-4fba5cdb4f03 to e9901cc2-2bd9-4b38-ae50-5a826999618b
[15sep2021 00:07:38.846] [Server thread/INFO] [randompatches/]: Changing UUID of duplicate entity minecraft:zombie from b9f65bed-a330-410c-bf3f-2b9553e7f7a3 to 722c3a62-8813-4952-bdbd-4b45ea37381f
[15sep2021 00:07:38.847] [Server thread/INFO] [randompatches/]: Changing UUID of duplicate entity minecraft:zombie from e220ecc4-9473-476f-aac9-9060dbe4f69a to 2b22c39e-061f-4c6b-844a-fcfb738f2985
[15sep2021 00:07:38.847] [Server thread/INFO] [randompatches/]: Changing UUID of duplicate entity minecraft:zombie from 73b36c4f-ac71-4e42-b4d1-2b3b8e633311 to 03062c6b-dea6-48b7-b464-3081d69b3f2a
[15sep2021 00:07:38.847] [Server thread/INFO] [randompatches/]: Changing UUID of duplicate entity minecraft:zombie from 0a212ef1-a376-47a4-87b3-28e0430c6b2c to 0f15e1bf-b1b3-474e-9ab7-a0b2a05d2dd1
[15sep2021 00:07:45.276] [Server thread/WARN] [net.minecraft.server.MinecraftServer/]: Can't keep up! Is the server overloaded? Running 2002ms or 40 ticks behind
[15sep2021 00:08:45.693] [Server thread/INFO] [com.dynamic_view.DynView/]: Mean tick: 30ms increasing chunk view distance to: 5
[15sep2021 00:09:45.291] [Server thread/INFO] [net.minecraft.network.play.ServerPlayNetHandler/]: zKuF lost connection: Disconnected
[15sep2021 00:09:45.291] [Server thread/INFO] [net.minecraft.server.dedicated.DedicatedServer/]: zKuF left the game
[15sep2021 00:09:46.259] [Server thread/INFO] [com.dynamic_view.DynView/]: Mean tick: 20ms increasing chunk view distance to: 6
[15sep2021 00:10:45.336] [Server thread/INFO] [net.minecraft.server.dedicated.DedicatedServer/]: rdiaz2000 has completed the challenge [Better Luck This Time]
[15sep2021 00:10:45.690] [Server thread/INFO] [com.dynamic_view.DynView/]: Mean tick: 18ms increasing chunk view distance to: 7
[15sep2021 00:11:45.691] [Server thread/INFO] [com.dynamic_view.DynView/]: Mean tick: 18ms increasing chunk view distance to: 8
[15sep2021 00:11:47.393] [Worker-Main-223/WARN] [net.minecraft.entity.ai.attributes.AttributeModifierManager/]: Ignoring unknown attribute 'generic.maxHealth'
[15sep2021 00:11:47.393] [Worker-Main-223/WARN] [net.minecraft.entity.ai.attributes.AttributeModifierManager/]: Ignoring unknown attribute 'generic.knockbackResistance'
[15sep2021 00:11:47.394] [Worker-Main-223/WARN] [net.minecraft.entity.ai.attributes.AttributeModifierManager/]: Ignoring unknown attribute 'generic.movementSpeed'
[15sep2021 00:11:47.395] [Worker-Main-223/WARN] [net.minecraft.entity.ai.attributes.AttributeModifierManager/]: Ignoring unknown attribute 'generic.armorToughness'
[15sep2021 00:11:47.395] [Worker-Main-223/WARN] [net.minecraft.entity.ai.attributes.AttributeModifierManager/]: Ignoring unknown attribute 'forge.swimSpeed'
[15sep2021 00:11:47.395] [Worker-Main-223/WARN] [net.minecraft.entity.ai.attributes.AttributeModifierManager/]: Ignoring unknown attribute 'forge.nameTagDistance'
[15sep2021 00:11:47.396] [Worker-Main-223/WARN] [net.minecraft.entity.ai.attributes.AttributeModifierManager/]: Ignoring unknown attribute 'forge.entity_gravity'
[15sep2021 00:11:47.396] [Worker-Main-223/WARN] [net.minecraft.entity.ai.attributes.AttributeModifierManager/]: Ignoring unknown attribute 'generic.followRange'
[15sep2021 00:11:47.397] [Worker-Main-223/WARN] [net.minecraft.entity.ai.attributes.AttributeModifierManager/]: Ignoring unknown attribute 'generic.attackKnockback'
[15sep2021 00:11:47.397] [Worker-Main-223/WARN] [net.minecraft.entity.ai.attributes.AttributeModifierManager/]: Ignoring unknown attribute 'generic.attackDamage'
[15sep2021 00:11:47.398] [Worker-Main-223/WARN] [net.minecraft.entity.ai.attributes.AttributeModifierManager/]: Ignoring unknown attribute 'generic.maxHealth'
[15sep2021 00:11:47.398] [Worker-Main-223/WARN] [net.minecraft.entity.ai.attributes.AttributeModifierManager/]: Ignoring unknown attribute 'generic.knockbackResistance'
[15sep2021 00:11:47.399] [Worker-Main-223/WARN] [net.minecraft.entity.ai.attributes.AttributeModifierManager/]: Ignoring unknown attribute 'generic.movementSpeed'
[15sep2021 00:11:47.399] [Worker-Main-223/WARN] [net.minecraft.entity.ai.attributes.AttributeModifierManager/]: Ignoring unknown attribute 'generic.armorToughness'
[15sep2021 00:11:47.400] [Worker-Main-223/WARN] [net.minecraft.entity.ai.attributes.AttributeModifierManager/]: Ignoring unknown attribute 'forge.swimSpeed'
[15sep2021 00:11:47.400] [Worker-Main-223/WARN] [net.minecraft.entity.ai.attributes.AttributeModifierManager/]: Ignoring unknown attribute 'forge.nameTagDistance'
[15sep2021 00:11:47.400] [Worker-Main-223/WARN] [net.minecraft.entity.ai.attributes.AttributeModifierManager/]: Ignoring unknown attribute 'forge.entity_gravity'
[15sep2021 00:11:47.401] [Worker-Main-223/WARN] [net.minecraft.entity.ai.attributes.AttributeModifierManager/]: Ignoring unknown attribute 'generic.followRange'
[15sep2021 00:11:47.401] [Worker-Main-223/WARN] [net.minecraft.entity.ai.attributes.AttributeModifierManager/]: Ignoring unknown attribute 'generic.attackKnockback'
[15sep2021 00:11:47.402] [Worker-Main-223/WARN] [net.minecraft.entity.ai.attributes.AttributeModifierManager/]: Ignoring unknown attribute 'generic.attackDamage'
[15sep2021 00:11:47.403] [Worker-Main-223/WARN] [net.minecraft.entity.ai.attributes.AttributeModifierManager/]: Ignoring unknown attribute 'generic.maxHealth'
[15sep2021 00:11:47.403] [Worker-Main-223/WARN] [net.minecraft.entity.ai.attributes.AttributeModifierManager/]: Ignoring unknown attribute 'generic.knockbackResistance'
[15sep2021 00:11:47.403] [Worker-Main-223/WARN] [net.minecraft.entity.ai.attributes.AttributeModifierManager/]: Ignoring unknown attribute 'generic.movementSpeed'
[15sep2021 00:11:47.404] [Worker-Main-223/WARN] [net.minecraft.entity.ai.attributes.AttributeModifierManager/]: Ignoring unknown attribute 'generic.armorToughness'
[15sep2021 00:11:47.404] [Worker-Main-223/WARN] [net.minecraft.entity.ai.attributes.AttributeModifierManager/]: Ignoring unknown attribute 'forge.swimSpeed'
[15sep2021 00:11:47.405] [Worker-Main-223/WARN] [net.minecraft.entity.ai.attributes.AttributeModifierManager/]: Ignoring unknown attribute 'forge.nameTagDistance'
[15sep2021 00:11:47.405] [Worker-Main-223/WARN] [net.minecraft.entity.ai.attributes.AttributeModifierManager/]: Ignoring unknown attribute 'forge.entity_gravity'
[15sep2021 00:11:47.406] [Worker-Main-223/WARN] [net.minecraft.entity.ai.attributes.AttributeModifierManager/]: Ignoring unknown attribute 'generic.followRange'
[15sep2021 00:11:47.409] [Worker-Main-223/WARN] [net.minecraft.entity.ai.attributes.AttributeModifierManager/]: Ignoring unknown attribute 'generic.attackKnockback'
[15sep2021 00:11:47.409] [Worker-Main-223/WARN] [net.minecraft.entity.ai.attributes.AttributeModifierManager/]: Ignoring unknown attribute 'generic.attackDamage'
[15sep2021 00:12:26.045] [Server thread/INFO] [net.minecraft.server.dedicated.DedicatedServer/]: rdiaz2000 has made the advancement [You Are A Pirate]
[15sep2021 00:12:45.694] [Server thread/INFO] [com.dynamic_view.DynView/]: Mean tick: 21ms increasing chunk view distance to: 9
[15sep2021 00:13:45.699] [Server thread/INFO] [com.dynamic_view.DynView/]: Mean tick: 22ms increasing chunk view distance to: 10
[15sep2021 00:15:20.889] [Server thread/INFO] [net.minecraft.server.dedicated.DedicatedServer/]: rdiaz2000 was slain by Vindicator
[15sep2021 00:16:09.290] [Server thread/INFO] [net.minecraft.network.play.ServerPlayNetHandler/]: Heviazepam lost connection: Disconnected
[15sep2021 00:16:09.290] [Server thread/INFO] [net.minecraft.server.dedicated.DedicatedServer/]: Heviazepam left the game
[15sep2021 00:24:13.440] [Server thread/INFO] [net.minecraft.network.play.ServerPlayNetHandler/]: rdiaz2000 lost connection: Disconnected
[15sep2021 00:24:13.441] [Server thread/INFO] [net.minecraft.server.dedicated.DedicatedServer/]: rdiaz2000 left the game
[15sep2021 00:30:31.334] [Server thread/INFO] [net.minecraft.server.dedicated.DedicatedServer/]: Saving the game (this may take a moment!)
[15sep2021 00:30:31.498] [Server thread/INFO] [net.minecraft.server.dedicated.DedicatedServer/]: Saved the game
[15sep2021 00:30:34.725] [Server thread/INFO] [net.minecraft.server.dedicated.DedicatedServer/]: Stopping the server
[15sep2021 00:30:34.780] [Server thread/INFO] [net.minecraft.server.MinecraftServer/]: Stopping server
[15sep2021 00:30:34.781] [Server thread/INFO] [net.minecraft.server.MinecraftServer/]: Saving players
[15sep2021 00:30:34.781] [Server thread/INFO] [net.minecraft.server.MinecraftServer/]: Saving worlds
[15sep2021 00:30:34.782] [Server thread/INFO] [net.minecraft.server.MinecraftServer/]: Saving chunks for level 'ServerLevel[B1N3CR4F7 :)]'/minecraft:overworld
[15sep2021 00:30:35.191] [Server thread/INFO] [net.minecraft.world.server.ChunkManager/]: ThreadedAnvilChunkStorage (world): All chunks are saved
[15sep2021 00:30:35.192] [Server thread/INFO] [net.minecraft.server.MinecraftServer/]: Saving chunks for level 'ServerLevel[B1N3CR4F7 :)]'/minecraft:the_nether
[15sep2021 00:30:35.195] [Server thread/INFO] [net.minecraft.world.server.ChunkManager/]: ThreadedAnvilChunkStorage (DIM-1): All chunks are saved
[15sep2021 00:30:35.195] [Server thread/INFO] [net.minecraft.server.MinecraftServer/]: Saving chunks for level 'ServerLevel[B1N3CR4F7 :)]'/minecraft:the_end
[15sep2021 00:30:35.197] [Server thread/INFO] [net.minecraft.world.server.ChunkManager/]: ThreadedAnvilChunkStorage (DIM1): All chunks are saved
[15sep2021 00:30:35.198] [Server thread/INFO] [net.minecraft.server.MinecraftServer/]: Saving chunks for level 'ServerLevel[B1N3CR4F7 :)]'/theabyss:the_end_of_time_2
[15sep2021 00:30:35.200] [Server thread/INFO] [net.minecraft.world.server.ChunkManager/]: ThreadedAnvilChunkStorage (the_end_of_time_2): All chunks are saved
[15sep2021 00:30:35.200] [Server thread/INFO] [net.minecraft.server.MinecraftServer/]: Saving chunks for level 'ServerLevel[B1N3CR4F7 :)]'/twilightforest:twilightforest
[15sep2021 00:30:35.213] [Server thread/INFO] [net.minecraft.world.server.ChunkManager/]: ThreadedAnvilChunkStorage (twilightforest): All chunks are saved
[15sep2021 00:30:35.214] [Server thread/INFO] [net.minecraft.server.MinecraftServer/]: Saving chunks for level 'ServerLevel[B1N3CR4F7 :)]'/twilightforest:skylight_forest
[15sep2021 00:30:35.216] [Server thread/INFO] [net.minecraft.world.server.ChunkManager/]: ThreadedAnvilChunkStorage (skylight_forest): All chunks are saved
[15sep2021 00:30:35.216] [Server thread/INFO] [net.minecraft.server.MinecraftServer/]: Saving chunks for level 'ServerLevel[B1N3CR4F7 :)]'/theabyss:death
[15sep2021 00:30:35.218] [Server thread/INFO] [net.minecraft.world.server.ChunkManager/]: ThreadedAnvilChunkStorage (death): All chunks are saved
[15sep2021 00:30:35.219] [Server thread/INFO] [net.minecraft.server.MinecraftServer/]: Saving chunks for level 'ServerLevel[B1N3CR4F7 :)]'/stacked_dimensions_warden:deeper_dark
[15sep2021 00:30:35.221] [Server thread/INFO] [net.minecraft.world.server.ChunkManager/]: ThreadedAnvilChunkStorage (deeper_dark): All chunks are saved
[15sep2021 00:30:35.221] [Server thread/INFO] [net.minecraft.server.MinecraftServer/]: Saving chunks for level 'ServerLevel[B1N3CR4F7 :)]'/theabyss:the_end_of_time
[15sep2021 00:30:35.224] [Server thread/INFO] [net.minecraft.world.server.ChunkManager/]: ThreadedAnvilChunkStorage (the_end_of_time): All chunks are saved
[15sep2021 00:30:35.225] [Server thread/INFO] [net.minecraft.server.MinecraftServer/]: Saving chunks for level 'ServerLevel[B1N3CR4F7 :)]'/theabyss:theabyssdimiceworld
[15sep2021 00:30:35.227] [Server thread/INFO] [net.minecraft.world.server.ChunkManager/]: ThreadedAnvilChunkStorage (theabyssdimiceworld): All chunks are saved
[15sep2021 00:30:35.228] [Server thread/INFO] [net.minecraft.server.MinecraftServer/]: Saving chunks for level 'ServerLevel[B1N3CR4F7 :)]'/blue_skies:everdawn
[15sep2021 00:30:35.241] [Server thread/INFO] [net.minecraft.world.server.ChunkManager/]: ThreadedAnvilChunkStorage (everdawn): All chunks are saved
[15sep2021 00:30:35.242] [Server thread/INFO] [net.minecraft.server.MinecraftServer/]: Saving chunks for level 'ServerLevel[B1N3CR4F7 :)]'/blue_skies:everbright
[15sep2021 00:30:35.256] [Server thread/INFO] [net.minecraft.world.server.ChunkManager/]: ThreadedAnvilChunkStorage (everbright): All chunks are saved
[15sep2021 00:30:35.256] [Server thread/INFO] [net.minecraft.server.MinecraftServer/]: Saving chunks for level 'ServerLevel[B1N3CR4F7 :)]'/theabyss:theabyssdim
[15sep2021 00:30:35.259] [Server thread/INFO] [net.minecraft.world.server.ChunkManager/]: ThreadedAnvilChunkStorage (theabyssdim): All chunks are saved
[15sep2021 00:30:35.360] [Server thread/INFO] [net.minecraft.world.server.ChunkManager/]: ThreadedAnvilChunkStorage (world): All chunks are saved
[15sep2021 00:30:35.664] [Server thread/INFO] [net.minecraft.world.server.ChunkManager/]: ThreadedAnvilChunkStorage (DIM-1): All chunks are saved
[15sep2021 00:30:35.664] [Server thread/INFO] [net.minecraft.world.server.ChunkManager/]: ThreadedAnvilChunkStorage (DIM1): All chunks are saved
[15sep2021 00:30:35.665] [Server thread/INFO] [net.minecraft.world.server.ChunkManager/]: ThreadedAnvilChunkStorage (the_end_of_time_2): All chunks are saved
[15sep2021 00:30:35.666] [Server thread/INFO] [net.minecraft.world.server.ChunkManager/]: ThreadedAnvilChunkStorage (twilightforest): All chunks are saved
[15sep2021 00:30:35.685] [Server thread/INFO] [net.minecraft.world.server.ChunkManager/]: ThreadedAnvilChunkStorage (skylight_forest): All chunks are saved
[15sep2021 00:30:35.686] [Server thread/INFO] [net.minecraft.world.server.ChunkManager/]: ThreadedAnvilChunkStorage (death): All chunks are saved
[15sep2021 00:30:35.686] [Server thread/INFO] [net.minecraft.world.server.ChunkManager/]: ThreadedAnvilChunkStorage (deeper_dark): All chunks are saved
[15sep2021 00:30:35.687] [Server thread/INFO] [net.minecraft.world.server.ChunkManager/]: ThreadedAnvilChunkStorage (the_end_of_time): All chunks are saved
[15sep2021 00:30:35.687] [Server thread/INFO] [net.minecraft.world.server.ChunkManager/]: ThreadedAnvilChunkStorage (theabyssdimiceworld): All chunks are saved
[15sep2021 00:30:35.691] [Server thread/INFO] [net.minecraft.world.server.ChunkManager/]: ThreadedAnvilChunkStorage (everdawn): All chunks are saved
[15sep2021 00:30:35.701] [Server thread/INFO] [net.minecraft.world.server.ChunkManager/]: ThreadedAnvilChunkStorage (everbright): All chunks are saved
[15sep2021 00:30:35.708] [Server thread/INFO] [net.minecraft.world.server.ChunkManager/]: ThreadedAnvilChunkStorage (theabyssdim): All chunks are saved
